1636891070511:добавить
1636891101633:найти
1636891310230:добавить
1636891353209:найти
1636891645343:добавить
1636891909824:найти
1636892106674:stacktrace
1636893084008:добавить
1636893100875:найти
1638054156216:добавить
1638054249997:найти
1638054322869:добавить
1638054339779:а
1638054348310:найти
1638054509085:добавить
1638054527775:найти
1638055749557:добавить
1638055765716:найти
1638055858893:добавить
1638055873670:найти
1638056093205:добавить
1638056114381:найти
1645308564640:добавить
1645308595550:найти
1645308851584:добавить
1645308866609:найти
1645309125812:добавить
1645309142498:найти
1646503202975:добавить
1646512104577:найти
1646512202902:добавить
1646512226292:найти
1646512308902:добавить
1646512342582:найти
1646512610887:добавить
1646512688893:найти
1646512755720:добавить
1646512792437:найти
1646512911257:добавить
1646512954419:найти
1646777783789:добавить
1646777818400:найти
1646778028915:добавить
1646778056235:найти
1646778083471:добавить
1646778122368:найти
1646778481206:добавить
1646778492796:найти
1646778564934:добавить
1646778575184:найти
1646778663627:добавить
1646778674286:найти
1647109262951:добавить
1647109272779:найти
1647109710052:добавить
1647109716822:найти
1647110269961:добавить
1647110404410:найти
1647110446966:добавить
1647110482005:найти
1648150832580:добавить
1648151077071:найти
1648151176339:добавить
1648151184545:найти
1648153691182:добавить
1648153740537:найти
1648159001128:добавить
1648159087348:найти
1648159143163:все книги
1648159152754:все авторы
1648159159279:все жанры
1648159192905:книги по автору
1648159257182:книги по жанру
1648159454703:добавить
1648159528671:найти по автору
1648159571454:найти
1648159586573:найти по автору
1648159633004:добавить
1648159645102:найти
1648159664131:добавить
1648159682528:найти
1648159688447:добавить
1648159709645:книги по автору
1648159732347:книги по жанру
1648159774962:добавить
1648159797500:все книги
1648159803385:все жанры
1648159808708:все авторы
1648159843724:книги по жанру
1648159853397:книги по автору
1649031828831:добавить
1649033534716:найти
1649115299708:добавить
1649115344363:найти
1649115519247:добавить
1649115543853:найти
1649115605955:добавить
1649115680051:найти
1649286528630:добавить
1649286537237:найти
1649590376902:добавить
1649590423173:найти
1649598335851:добавить
1649598454402:все книги
1649598993707:все авторы
1649599106846:автор
1649599234069:жанр
1649603979163:добавить
1650069452510:удалить
1650069907276:ть
1650069911373:удалить
1650071496146:ебал я в рот
1650193582738:удалить
1650206428298:добавить
1650206785735:удалить
1650207835707:добавить
1650207865814:удалить
1650676737133:найти
